[31mCMake Error at /opt/ros/jazzy/share/rosidl_adapter/cmake/rosidl_adapt_interfaces.cmake:57 (message):
  execute_process(/usr/bin/python3 -m rosidl_adapter --package-name
  hw3_interfaces --arguments-file
  /home/mike54pfeiffer/Desktop/School/ROB599/ROB599_ws/build/hw3_interfaces/rosidl_adapter__arguments__hw3_interfaces.json
  --output-dir
  /home/mike54pfeiffer/Desktop/School/ROB599/ROB599_ws/build/hw3_interfaces/rosidl_adapter/hw3_interfaces
  --output-file
  /home/mike54pfeiffer/Desktop/School/ROB599/ROB599_ws/build/hw3_interfaces/rosidl_adapter/hw3_interfaces.idls)
  returned error code 1:

  Error processing ' int32 sec' of 'hw3_interfaces/TestPacket': 'string index
  out of range'

  Traceback (most recent call last):

    File "<frozen runpy>", line 198, in _run_module_as_main
    File "<frozen runpy>", line 88, in _run_code
    File "/opt/ros/jazzy/lib/python3.12/site-packages/rosidl_adapter/__main__.py", line 19, in <module>
      sys.exit(main())
               ^^^^^^
    File "/opt/ros/jazzy/lib/python3.12/site-packages/rosidl_adapter/main.py", line 53, in main
      abs_idl_file = convert_to_idl(
                     ^^^^^^^^^^^^^^^
    File "/opt/ros/jazzy/lib/python3.12/site-packages/rosidl_adapter/__init__.py", line 19, in convert_to_idl
      return convert_msg_to_idl(
             ^^^^^^^^^^^^^^^^^^^
    File "/opt/ros/jazzy/lib/python3.12/site-packages/rosidl_adapter/msg/__init__.py", line 28, in convert_msg_to_idl
      msg = parse_message_string(package_name, input_file.stem, content)
            ^^^^^^^^^^^^^^^^^^^^^^^^^^^^^^^^^^^^^^^^^^^^^^^^^^^^^^^^^^^^
    File "/opt/ros/jazzy/lib/python3.12/site-packages/rosidl_adapter/parser.py", line 521, in parse_message_string
      Type(type_string, context_package_name=pkg_name),
      ^^^^^^^^^^^^^^^^^^^^^^^^^^^^^^^^^^^^^^^^^^^^^^^^
    File "/opt/ros/jazzy/lib/python3.12/site-packages/rosidl_adapter/parser.py", line 242, in __init__
      self.is_array = type_string[-1] == ']'
                      ~~~~~~~~~~~^^^^

  IndexError: string index out of range

Call Stack (most recent call first):
  /opt/ros/jazzy/share/rosidl_cmake/cmake/rosidl_generate_interfaces.cmake:132 (rosidl_adapt_interfaces)
  CMakeLists.txt:29 (rosidl_generate_interfaces)

[0m
gmake: *** [Makefile:815: cmake_check_build_system] Error 1
