[0.035s] Invoking command in '/home/mike54pfeiffer/Desktop/School/ROB599/ROB599_ws/build/hw3_interfaces': CMAKE_PREFIX_PATH=${CMAKE_PREFIX_PATH}:/home/mike54pfeiffer/Desktop/School/ROB599/ROB599_ws/install/rob599_basic:/home/mike54pfeiffer/Desktop/School/ROB599/ROB599_ws/install/hw3:/home/mike54pfeiffer/Desktop/School/ROB599/ROB599_ws/install/hw2:/opt/ros/jazzy DEBUGINFOD_URLS=https://debuginfod.ubuntu.com /usr/bin/cmake --build /home/mike54pfeiffer/Desktop/School/ROB599/ROB599_ws/build/hw3_interfaces -- -j12 -l12
[0.608s] -- Found ament_cmake: 2.5.3 (/opt/ros/jazzy/share/ament_cmake/cmake)
[0.608s] -- Found Python3: /usr/bin/python3 (found version "3.12.3") found components: Interpreter 
[0.609s] -- Found ament_lint_auto: 0.17.2 (/opt/ros/jazzy/share/ament_lint_auto/cmake)
[0.609s] -- Found builtin_interfaces: 2.0.2 (/opt/ros/jazzy/share/builtin_interfaces/cmake)
[0.610s] -- Found rosidl_generator_c: 4.6.5 (/opt/ros/jazzy/share/rosidl_generator_c/cmake)
[0.610s] -- Found rosidl_generator_cpp: 4.6.5 (/opt/ros/jazzy/share/rosidl_generator_cpp/cmake)
[0.610s] -- Using all available rosidl_typesupport_c: rosidl_typesupport_fastrtps_c;rosidl_typesupport_introspection_c
[0.610s] -- Using all available rosidl_typesupport_cpp: rosidl_typesupport_fastrtps_cpp;rosidl_typesupport_introspection_cpp
[0.611s] -- Found rosidl_default_generators: 1.6.0 (/opt/ros/jazzy/share/rosidl_default_generators/cmake)
[0.611s] -- Found rosidl_adapter: 4.6.5 (/opt/ros/jazzy/share/rosidl_adapter/cmake)
[0.676s] [31mCMake Error at /opt/ros/jazzy/share/rosidl_adapter/cmake/rosidl_adapt_interfaces.cmake:57 (message):
[0.676s]   execute_process(/usr/bin/python3 -m rosidl_adapter --package-name
[0.676s]   hw3_interfaces --arguments-file
[0.676s]   /home/mike54pfeiffer/Desktop/School/ROB599/ROB599_ws/build/hw3_interfaces/rosidl_adapter__arguments__hw3_interfaces.json
[0.676s]   --output-dir
[0.676s]   /home/mike54pfeiffer/Desktop/School/ROB599/ROB599_ws/build/hw3_interfaces/rosidl_adapter/hw3_interfaces
[0.676s]   --output-file
[0.676s]   /home/mike54pfeiffer/Desktop/School/ROB599/ROB599_ws/build/hw3_interfaces/rosidl_adapter/hw3_interfaces.idls)
[0.676s]   returned error code 1:
[0.676s] 
[0.677s]   Error processing ' int32 sec' of 'hw3_interfaces/TestPacket': 'string index
[0.677s]   out of range'
[0.677s] 
[0.677s]   Traceback (most recent call last):
[0.677s] 
[0.677s]     File "<frozen runpy>", line 198, in _run_module_as_main
[0.677s]     File "<frozen runpy>", line 88, in _run_code
[0.677s]     File "/opt/ros/jazzy/lib/python3.12/site-packages/rosidl_adapter/__main__.py", line 19, in <module>
[0.677s]       sys.exit(main())
[0.677s]                ^^^^^^
[0.677s]     File "/opt/ros/jazzy/lib/python3.12/site-packages/rosidl_adapter/main.py", line 53, in main
[0.677s]       abs_idl_file = convert_to_idl(
[0.677s]                      ^^^^^^^^^^^^^^^
[0.677s]     File "/opt/ros/jazzy/lib/python3.12/site-packages/rosidl_adapter/__init__.py", line 19, in convert_to_idl
[0.677s]       return convert_msg_to_idl(
[0.677s]              ^^^^^^^^^^^^^^^^^^^
[0.678s]     File "/opt/ros/jazzy/lib/python3.12/site-packages/rosidl_adapter/msg/__init__.py", line 28, in convert_msg_to_idl
[0.678s]       msg = parse_message_string(package_name, input_file.stem, content)
[0.678s]             ^^^^^^^^^^^^^^^^^^^^^^^^^^^^^^^^^^^^^^^^^^^^^^^^^^^^^^^^^^^^
[0.678s]     File "/opt/ros/jazzy/lib/python3.12/site-packages/rosidl_adapter/parser.py", line 521, in parse_message_string
[0.678s]       Type(type_string, context_package_name=pkg_name),
[0.678s]       ^^^^^^^^^^^^^^^^^^^^^^^^^^^^^^^^^^^^^^^^^^^^^^^^
[0.678s]     File "/opt/ros/jazzy/lib/python3.12/site-packages/rosidl_adapter/parser.py", line 242, in __init__
[0.678s]       self.is_array = type_string[-1] == ']'
[0.678s]                       ~~~~~~~~~~~^^^^
[0.678s] 
[0.678s]   IndexError: string index out of range
[0.678s] 
[0.678s] Call Stack (most recent call first):
[0.678s]   /opt/ros/jazzy/share/rosidl_cmake/cmake/rosidl_generate_interfaces.cmake:132 (rosidl_adapt_interfaces)
[0.678s]   CMakeLists.txt:29 (rosidl_generate_interfaces)
[0.678s] 
[0.678s] [0m
[0.679s] -- Configuring incomplete, errors occurred!
[0.686s] gmake: *** [Makefile:815: cmake_check_build_system] Error 1
[0.689s] Invoked command in '/home/mike54pfeiffer/Desktop/School/ROB599/ROB599_ws/build/hw3_interfaces' returned '2': CMAKE_PREFIX_PATH=${CMAKE_PREFIX_PATH}:/home/mike54pfeiffer/Desktop/School/ROB599/ROB599_ws/install/rob599_basic:/home/mike54pfeiffer/Desktop/School/ROB599/ROB599_ws/install/hw3:/home/mike54pfeiffer/Desktop/School/ROB599/ROB599_ws/install/hw2:/opt/ros/jazzy DEBUGINFOD_URLS=https://debuginfod.ubuntu.com /usr/bin/cmake --build /home/mike54pfeiffer/Desktop/School/ROB599/ROB599_ws/build/hw3_interfaces -- -j12 -l12
