[0.037s] Invoking command in '/home/mike54pfeiffer/Desktop/School/ROB599/ROB599_ws/build/hw3_interfaces': CMAKE_PREFIX_PATH=${CMAKE_PREFIX_PATH}:/home/mike54pfeiffer/Desktop/School/ROB599/ROB599_ws/install/rob599_basic:/home/mike54pfeiffer/Desktop/School/ROB599/ROB599_ws/install/hw3:/home/mike54pfeiffer/Desktop/School/ROB599/ROB599_ws/install/hw2:/opt/ros/jazzy DEBUGINFOD_URLS=https://debuginfod.ubuntu.com /usr/bin/cmake --build /home/mike54pfeiffer/Desktop/School/ROB599/ROB599_ws/build/hw3_interfaces -- -j12 -l12
[0.564s] -- Found ament_cmake: 2.5.3 (/opt/ros/jazzy/share/ament_cmake/cmake)
[0.564s] -- Found Python3: /usr/bin/python3 (found version "3.12.3") found components: Interpreter 
[0.564s] -- Found ament_lint_auto: 0.17.2 (/opt/ros/jazzy/share/ament_lint_auto/cmake)
[0.564s] -- Found builtin_interfaces: 2.0.2 (/opt/ros/jazzy/share/builtin_interfaces/cmake)
[0.564s] -- Found rosidl_generator_c: 4.6.5 (/opt/ros/jazzy/share/rosidl_generator_c/cmake)
[0.564s] -- Found rosidl_generator_cpp: 4.6.5 (/opt/ros/jazzy/share/rosidl_generator_cpp/cmake)
[0.564s] -- Using all available rosidl_typesupport_c: rosidl_typesupport_fastrtps_c;rosidl_typesupport_introspection_c
[0.564s] -- Using all available rosidl_typesupport_cpp: rosidl_typesupport_fastrtps_cpp;rosidl_typesupport_introspection_cpp
[0.564s] -- Found rosidl_default_generators: 1.6.0 (/opt/ros/jazzy/share/rosidl_default_generators/cmake)
[0.564s] -- Found rosidl_adapter: 4.6.5 (/opt/ros/jazzy/share/rosidl_adapter/cmake)
[0.592s] -- Found ament_cmake_ros: 0.12.0 (/opt/ros/jazzy/share/ament_cmake_ros/cmake)
[0.772s] -- Using all available rosidl_typesupport_c: rosidl_typesupport_fastrtps_c;rosidl_typesupport_introspection_c
[0.837s] -- Using all available rosidl_typesupport_cpp: rosidl_typesupport_fastrtps_cpp;rosidl_typesupport_introspection_cpp
[0.838s] -- Found python_cmake_module: 0.11.1 (/opt/ros/jazzy/share/python_cmake_module/cmake)
[1.256s] -- Found Python3: /usr/bin/python3 (found version "3.12.3") found components: Interpreter Development NumPy Development.Module Development.Embed 
[1.275s] -- Added test 'lint_cmake' to check CMake code style
[1.276s] -- Added test 'xmllint' to check XML markup files
[1.282s] -- Configuring done (1.2s)
[1.345s] -- Generating done (0.1s)
[1.357s] -- Build files have been written to: /home/mike54pfeiffer/Desktop/School/ROB599/ROB599_ws/build/hw3_interfaces
[1.403s] [  2%] [34m[1mGenerating type hashes for ROS interfaces[0m
[1.419s] [  2%] Built target ament_cmake_python_copy_hw3_interfaces
[1.705s] running egg_info
[1.733s] writing hw3_interfaces.egg-info/PKG-INFO
[1.733s] writing dependency_links to hw3_interfaces.egg-info/dependency_links.txt
[1.733s] writing top-level names to hw3_interfaces.egg-info/top_level.txt
[1.806s] reading manifest file 'hw3_interfaces.egg-info/SOURCES.txt'
[1.807s] writing manifest file 'hw3_interfaces.egg-info/SOURCES.txt'
[1.847s] [  2%] Built target ament_cmake_python_build_hw3_interfaces_egg
[4.189s] Traceback (most recent call last):
[4.190s]   File "/opt/ros/jazzy/lib/rosidl_generator_type_description/rosidl_generator_type_description", line 50, in <module>
[4.190s]     sys.exit(main())
[4.190s]              ^^^^^^
[4.190s]   File "/opt/ros/jazzy/lib/rosidl_generator_type_description/rosidl_generator_type_description", line 46, in main
[4.190s]     generate_type_hash(args.generator_arguments_file)
[4.190s]   File "/opt/ros/jazzy/lib/python3.12/site-packages/rosidl_generator_type_description/__init__.py", line 162, in generate_type_hash
[4.190s]     with include_path.open('r') as include_file:
[4.190s]          ^^^^^^^^^^^^^^^^^^^^^^
[4.190s]   File "/usr/lib/python3.12/pathlib.py", line 1015, in open
[4.190s]     return io.open(self, mode, buffering, encoding, errors, newline)
[4.191s]            ^^^^^^^^^^^^^^^^^^^^^^^^^^^^^^^^^^^^^^^^^^^^^^^^^^^^^^^^^
[4.191s] FileNotFoundError: [Errno 2] No such file or directory: '/home/mike54pfeiffer/Desktop/School/ROB599/ROB599_ws/build/hw3_interfaces/rosidl_generator_type_description/hw3_interfaces/msg/Time.json'
[4.239s] gmake[2]: *** [CMakeFiles/hw3_interfaces__rosidl_generator_type_description.dir/build.make:75: rosidl_generator_type_description/hw3_interfaces/msg/TestPacket.json] Error 1
[4.239s] gmake[1]: *** [CMakeFiles/Makefile2:215: CMakeFiles/hw3_interfaces__rosidl_generator_type_description.dir/all] Error 2
[4.239s] gmake: *** [Makefile:146: all] Error 2
[4.242s] Invoked command in '/home/mike54pfeiffer/Desktop/School/ROB599/ROB599_ws/build/hw3_interfaces' returned '2': CMAKE_PREFIX_PATH=${CMAKE_PREFIX_PATH}:/home/mike54pfeiffer/Desktop/School/ROB599/ROB599_ws/install/rob599_basic:/home/mike54pfeiffer/Desktop/School/ROB599/ROB599_ws/install/hw3:/home/mike54pfeiffer/Desktop/School/ROB599/ROB599_ws/install/hw2:/opt/ros/jazzy DEBUGINFOD_URLS=https://debuginfod.ubuntu.com /usr/bin/cmake --build /home/mike54pfeiffer/Desktop/School/ROB599/ROB599_ws/build/hw3_interfaces -- -j12 -l12
